{"buildDate":"2019-08-25T17:27:17Z","commit":"febfce995c852ca9d1977febc6098165f7e31c8f","debug":false,"level":"info","msg":"language: ja","time":"2019-08-29T10:32:13+09:00","version":"0.7.1"}
{"buildDate":"2019-08-25T17:27:17Z","commit":"febfce995c852ca9d1977febc6098165f7e31c8f","debug":false,"level":"warning","msg":"docker-compose config --quiet","time":"2019-08-29T10:32:13+09:00","version":"0.7.1"}
{"buildDate":"2019-08-25T17:27:17Z","commit":"febfce995c852ca9d1977febc6098165f7e31c8f","debug":false,"level":"warning","msg":"'docker-compose config --quiet': 666.183069ms","time":"2019-08-29T10:32:13+09:00","version":"0.7.1"}
{"buildDate":"2019-08-25T17:27:17Z","commit":"febfce995c852ca9d1977febc6098165f7e31c8f","debug":false,"level":"warning","msg":"\n        Can't find a suitable configuration file in this directory or any\n        parent. Are you in the right directory?\n\n        Supported filenames: docker-compose.yml, docker-compose.yaml\n        \n","time":"2019-08-29T10:32:13+09:00","version":"0.7.1"}
{"buildDate":"2019-08-25T17:27:17Z","commit":"febfce995c852ca9d1977febc6098165f7e31c8f","debug":false,"level":"info","msg":"setting highlight to true for view containers","time":"2019-08-29T10:32:13+09:00","version":"0.7.1"}
{"buildDate":"2019-08-25T17:27:17Z","commit":"febfce995c852ca9d1977febc6098165f7e31c8f","debug":false,"level":"info","msg":"new focused view is containers","time":"2019-08-29T10:32:13+09:00","version":"0.7.1"}
{"buildDate":"2019-08-25T17:27:17Z","commit":"febfce995c852ca9d1977febc6098165f7e31c8f","debug":false,"level":"info","msg":"containers focus gained","time":"2019-08-29T10:32:13+09:00","version":"0.7.1"}
{"buildDate":"2019-08-25T17:27:17Z","commit":"febfce995c852ca9d1977febc6098165f7e31c8f","debug":false,"level":"info","msg":"setting highlight to true for view confirmation","time":"2019-08-29T10:32:13+09:00","version":"0.7.1"}
{"buildDate":"2019-08-25T17:27:17Z","commit":"febfce995c852ca9d1977febc6098165f7e31c8f","debug":false,"level":"info","msg":"new focused view is confirmation","time":"2019-08-29T10:32:13+09:00","version":"0.7.1"}
{"buildDate":"2019-08-25T17:27:17Z","commit":"febfce995c852ca9d1977febc6098165f7e31c8f","debug":false,"level":"info","msg":"setting highlight to true for view containers","time":"2019-08-29T10:32:18+09:00","version":"0.7.1"}
{"buildDate":"2019-08-25T17:27:17Z","commit":"febfce995c852ca9d1977febc6098165f7e31c8f","debug":false,"level":"info","msg":"new focused view is containers","time":"2019-08-29T10:32:18+09:00","version":"0.7.1"}
{"buildDate":"2019-09-07T09:21:27Z","commit":"c8adaa920a8e0fe0cc172868a3811e643661f19e","debug":false,"level":"info","msg":"language: ja","time":"2019-10-16T10:47:55+09:00","version":"0.7.4"}
{"buildDate":"2019-09-07T09:21:27Z","commit":"c8adaa920a8e0fe0cc172868a3811e643661f19e","debug":false,"level":"warning","msg":"docker-compose config --quiet","time":"2019-10-16T10:47:55+09:00","version":"0.7.4"}
{"buildDate":"2019-09-07T09:21:27Z","commit":"c8adaa920a8e0fe0cc172868a3811e643661f19e","debug":false,"level":"warning","msg":"'docker-compose config --quiet': 509.431328ms","time":"2019-10-16T10:47:56+09:00","version":"0.7.4"}
{"buildDate":"2019-09-07T09:21:27Z","commit":"c8adaa920a8e0fe0cc172868a3811e643661f19e","debug":false,"level":"warning","msg":"\n        Can't find a suitable configuration file in this directory or any\n        parent. Are you in the right directory?\n\n        Supported filenames: docker-compose.yml, docker-compose.yaml\n        \n","time":"2019-10-16T10:47:56+09:00","version":"0.7.4"}
{"buildDate":"2019-09-07T09:21:27Z","commit":"c8adaa920a8e0fe0cc172868a3811e643661f19e","debug":false,"level":"info","msg":"setting highlight to true for view containers","time":"2019-10-16T10:47:56+09:00","version":"0.7.4"}
{"buildDate":"2019-09-07T09:21:27Z","commit":"c8adaa920a8e0fe0cc172868a3811e643661f19e","debug":false,"level":"info","msg":"new focused view is containers","time":"2019-10-16T10:47:56+09:00","version":"0.7.4"}
{"buildDate":"2019-09-07T09:21:27Z","commit":"c8adaa920a8e0fe0cc172868a3811e643661f19e","debug":false,"level":"info","msg":"containers focus gained","time":"2019-10-16T10:47:56+09:00","version":"0.7.4"}
{"buildDate":"2019-09-07T09:21:27Z","commit":"c8adaa920a8e0fe0cc172868a3811e643661f19e","debug":false,"level":"info","msg":"asking task to stop","time":"2019-10-16T10:50:23+09:00","version":"0.7.4"}
{"buildDate":"2019-09-07T09:21:27Z","commit":"c8adaa920a8e0fe0cc172868a3811e643661f19e","debug":false,"level":"info","msg":"closed stop channel, waiting for notifyStopped message","time":"2019-10-16T10:50:23+09:00","version":"0.7.4"}
{"buildDate":"2019-09-07T09:21:27Z","commit":"c8adaa920a8e0fe0cc172868a3811e643661f19e","debug":false,"level":"info","msg":"containers focus lost","time":"2019-10-16T10:50:23+09:00","version":"0.7.4"}
{"buildDate":"2019-09-07T09:21:27Z","commit":"c8adaa920a8e0fe0cc172868a3811e643661f19e","debug":false,"level":"info","msg":"images focus gained","time":"2019-10-16T10:50:23+09:00","version":"0.7.4"}
{"buildDate":"2019-09-07T09:21:27Z","commit":"c8adaa920a8e0fe0cc172868a3811e643661f19e","debug":false,"level":"warning","msg":"os: process already finished","time":"2019-10-16T10:50:23+09:00","version":"0.7.4"}
{"buildDate":"2019-09-07T09:21:27Z","commit":"c8adaa920a8e0fe0cc172868a3811e643661f19e","debug":false,"level":"info","msg":"killed container logs process","time":"2019-10-16T10:50:23+09:00","version":"0.7.4"}
{"buildDate":"2019-09-07T09:21:27Z","commit":"c8adaa920a8e0fe0cc172868a3811e643661f19e","debug":false,"level":"info","msg":"running ticker task again","time":"2019-10-16T10:50:23+09:00","version":"0.7.4"}
{"buildDate":"2019-09-07T09:21:27Z","commit":"c8adaa920a8e0fe0cc172868a3811e643661f19e","debug":false,"level":"info","msg":"killed container logs process","time":"2019-10-16T10:50:23+09:00","version":"0.7.4"}
{"buildDate":"2019-09-07T09:21:27Z","commit":"c8adaa920a8e0fe0cc172868a3811e643661f19e","debug":false,"level":"info","msg":"exiting ticker task due to stopped cahnnel","time":"2019-10-16T10:50:23+09:00","version":"0.7.4"}
{"buildDate":"2019-09-07T09:21:27Z","commit":"c8adaa920a8e0fe0cc172868a3811e643661f19e","debug":false,"level":"info","msg":"returned from function, closing notifyStopped","time":"2019-10-16T10:50:23+09:00","version":"0.7.4"}
{"buildDate":"2019-09-07T09:21:27Z","commit":"c8adaa920a8e0fe0cc172868a3811e643661f19e","debug":false,"level":"info","msg":"received notifystopped message","time":"2019-10-16T10:50:23+09:00","version":"0.7.4"}
{"buildDate":"2019-09-07T09:21:27Z","commit":"c8adaa920a8e0fe0cc172868a3811e643661f19e","debug":false,"level":"info","msg":"task stopped","time":"2019-10-16T10:50:23+09:00","version":"0.7.4"}
{"buildDate":"2019-09-07T09:21:27Z","commit":"c8adaa920a8e0fe0cc172868a3811e643661f19e","debug":false,"level":"info","msg":"returned from function, closing notifyStopped","time":"2019-10-16T10:50:23+09:00","version":"0.7.4"}
{"buildDate":"2019-09-07T09:21:27Z","commit":"c8adaa920a8e0fe0cc172868a3811e643661f19e","debug":false,"level":"info","msg":"asking task to stop","time":"2019-10-16T10:50:27+09:00","version":"0.7.4"}
{"buildDate":"2019-09-07T09:21:27Z","commit":"c8adaa920a8e0fe0cc172868a3811e643661f19e","debug":false,"level":"info","msg":"closed stop channel, waiting for notifyStopped message","time":"2019-10-16T10:50:27+09:00","version":"0.7.4"}
{"buildDate":"2019-09-07T09:21:27Z","commit":"c8adaa920a8e0fe0cc172868a3811e643661f19e","debug":false,"level":"info","msg":"received notifystopped message","time":"2019-10-16T10:50:27+09:00","version":"0.7.4"}
{"buildDate":"2019-09-07T09:21:27Z","commit":"c8adaa920a8e0fe0cc172868a3811e643661f19e","debug":false,"level":"info","msg":"task stopped","time":"2019-10-16T10:50:27+09:00","version":"0.7.4"}
{"buildDate":"2019-09-07T09:21:27Z","commit":"c8adaa920a8e0fe0cc172868a3811e643661f19e","debug":false,"level":"info","msg":"returned from function, closing notifyStopped","time":"2019-10-16T10:50:27+09:00","version":"0.7.4"}
{"buildDate":"2019-09-07T09:21:27Z","commit":"c8adaa920a8e0fe0cc172868a3811e643661f19e","debug":false,"level":"info","msg":"asking task to stop","time":"2019-10-16T10:50:27+09:00","version":"0.7.4"}
{"buildDate":"2019-09-07T09:21:27Z","commit":"c8adaa920a8e0fe0cc172868a3811e643661f19e","debug":false,"level":"info","msg":"closed stop channel, waiting for notifyStopped message","time":"2019-10-16T10:50:27+09:00","version":"0.7.4"}
{"buildDate":"2019-09-07T09:21:27Z","commit":"c8adaa920a8e0fe0cc172868a3811e643661f19e","debug":false,"level":"info","msg":"received notifystopped message","time":"2019-10-16T10:50:27+09:00","version":"0.7.4"}
{"buildDate":"2019-09-07T09:21:27Z","commit":"c8adaa920a8e0fe0cc172868a3811e643661f19e","debug":false,"level":"info","msg":"task stopped","time":"2019-10-16T10:50:27+09:00","version":"0.7.4"}
{"buildDate":"2019-09-07T09:21:27Z","commit":"c8adaa920a8e0fe0cc172868a3811e643661f19e","debug":false,"level":"info","msg":"returned from function, closing notifyStopped","time":"2019-10-16T10:50:27+09:00","version":"0.7.4"}
{"buildDate":"2019-09-07T09:21:27Z","commit":"c8adaa920a8e0fe0cc172868a3811e643661f19e","debug":false,"level":"info","msg":"asking task to stop","time":"2019-10-16T10:50:30+09:00","version":"0.7.4"}
{"buildDate":"2019-09-07T09:21:27Z","commit":"c8adaa920a8e0fe0cc172868a3811e643661f19e","debug":false,"level":"info","msg":"closed stop channel, waiting for notifyStopped message","time":"2019-10-16T10:50:30+09:00","version":"0.7.4"}
{"buildDate":"2019-09-07T09:21:27Z","commit":"c8adaa920a8e0fe0cc172868a3811e643661f19e","debug":false,"level":"info","msg":"received notifystopped message","time":"2019-10-16T10:50:30+09:00","version":"0.7.4"}
{"buildDate":"2019-09-07T09:21:27Z","commit":"c8adaa920a8e0fe0cc172868a3811e643661f19e","debug":false,"level":"info","msg":"task stopped","time":"2019-10-16T10:50:30+09:00","version":"0.7.4"}
{"buildDate":"2019-09-07T09:21:27Z","commit":"c8adaa920a8e0fe0cc172868a3811e643661f19e","debug":false,"level":"info","msg":"returned from function, closing notifyStopped","time":"2019-10-16T10:50:30+09:00","version":"0.7.4"}
{"buildDate":"2019-09-07T09:21:27Z","commit":"c8adaa920a8e0fe0cc172868a3811e643661f19e","debug":false,"level":"info","msg":"asking task to stop","time":"2019-10-16T10:50:30+09:00","version":"0.7.4"}
{"buildDate":"2019-09-07T09:21:27Z","commit":"c8adaa920a8e0fe0cc172868a3811e643661f19e","debug":false,"level":"info","msg":"closed stop channel, waiting for notifyStopped message","time":"2019-10-16T10:50:30+09:00","version":"0.7.4"}
{"buildDate":"2019-09-07T09:21:27Z","commit":"c8adaa920a8e0fe0cc172868a3811e643661f19e","debug":false,"level":"info","msg":"received notifystopped message","time":"2019-10-16T10:50:30+09:00","version":"0.7.4"}
{"buildDate":"2019-09-07T09:21:27Z","commit":"c8adaa920a8e0fe0cc172868a3811e643661f19e","debug":false,"level":"info","msg":"task stopped","time":"2019-10-16T10:50:30+09:00","version":"0.7.4"}
{"buildDate":"2019-09-07T09:21:27Z","commit":"c8adaa920a8e0fe0cc172868a3811e643661f19e","debug":false,"level":"info","msg":"returned from function, closing notifyStopped","time":"2019-10-16T10:50:30+09:00","version":"0.7.4"}
{"buildDate":"2019-09-07T09:21:27Z","commit":"c8adaa920a8e0fe0cc172868a3811e643661f19e","debug":false,"level":"info","msg":"asking task to stop","time":"2019-10-16T10:50:30+09:00","version":"0.7.4"}
{"buildDate":"2019-09-07T09:21:27Z","commit":"c8adaa920a8e0fe0cc172868a3811e643661f19e","debug":false,"level":"info","msg":"closed stop channel, waiting for notifyStopped message","time":"2019-10-16T10:50:30+09:00","version":"0.7.4"}
{"buildDate":"2019-09-07T09:21:27Z","commit":"c8adaa920a8e0fe0cc172868a3811e643661f19e","debug":false,"level":"info","msg":"received notifystopped message","time":"2019-10-16T10:50:30+09:00","version":"0.7.4"}
{"buildDate":"2019-09-07T09:21:27Z","commit":"c8adaa920a8e0fe0cc172868a3811e643661f19e","debug":false,"level":"info","msg":"task stopped","time":"2019-10-16T10:50:30+09:00","version":"0.7.4"}
{"buildDate":"2019-09-07T09:21:27Z","commit":"c8adaa920a8e0fe0cc172868a3811e643661f19e","debug":false,"level":"info","msg":"returned from function, closing notifyStopped","time":"2019-10-16T10:50:30+09:00","version":"0.7.4"}
{"buildDate":"2019-09-07T09:21:27Z","commit":"c8adaa920a8e0fe0cc172868a3811e643661f19e","debug":false,"level":"info","msg":"asking task to stop","time":"2019-10-16T10:50:31+09:00","version":"0.7.4"}
{"buildDate":"2019-09-07T09:21:27Z","commit":"c8adaa920a8e0fe0cc172868a3811e643661f19e","debug":false,"level":"info","msg":"closed stop channel, waiting for notifyStopped message","time":"2019-10-16T10:50:31+09:00","version":"0.7.4"}
{"buildDate":"2019-09-07T09:21:27Z","commit":"c8adaa920a8e0fe0cc172868a3811e643661f19e","debug":false,"level":"info","msg":"received notifystopped message","time":"2019-10-16T10:50:31+09:00","version":"0.7.4"}
{"buildDate":"2019-09-07T09:21:27Z","commit":"c8adaa920a8e0fe0cc172868a3811e643661f19e","debug":false,"level":"info","msg":"task stopped","time":"2019-10-16T10:50:31+09:00","version":"0.7.4"}
{"buildDate":"2019-09-07T09:21:27Z","commit":"c8adaa920a8e0fe0cc172868a3811e643661f19e","debug":false,"level":"info","msg":"returned from function, closing notifyStopped","time":"2019-10-16T10:50:31+09:00","version":"0.7.4"}
{"buildDate":"2019-09-07T09:21:27Z","commit":"c8adaa920a8e0fe0cc172868a3811e643661f19e","debug":false,"level":"info","msg":"setting highlight to true for view main","time":"2019-10-16T10:52:11+09:00","version":"0.7.4"}
{"buildDate":"2019-09-07T09:21:27Z","commit":"c8adaa920a8e0fe0cc172868a3811e643661f19e","debug":false,"level":"info","msg":"new focused view is main","time":"2019-10-16T10:52:11+09:00","version":"0.7.4"}
{"buildDate":"2019-09-07T09:21:27Z","commit":"c8adaa920a8e0fe0cc172868a3811e643661f19e","debug":false,"level":"info","msg":"images focus lost","time":"2019-10-16T10:52:11+09:00","version":"0.7.4"}
{"buildDate":"2019-09-07T09:21:27Z","commit":"c8adaa920a8e0fe0cc172868a3811e643661f19e","debug":false,"level":"info","msg":"main focus gained","time":"2019-10-16T10:52:11+09:00","version":"0.7.4"}
{"buildDate":"2019-09-07T09:21:27Z","commit":"c8adaa920a8e0fe0cc172868a3811e643661f19e","debug":false,"level":"info","msg":"closed stop channel, waiting for notifyStopped message","time":"2019-10-16T10:52:11+09:00","version":"0.7.4"}
{"buildDate":"2019-09-07T09:21:27Z","commit":"c8adaa920a8e0fe0cc172868a3811e643661f19e","debug":false,"level":"info","msg":"received notifystopped message","time":"2019-10-16T10:52:11+09:00","version":"0.7.4"}
